lib-qrcode-produce/build/intermediates/manifest_merge_blame_file/debug/manifest-merger-blame-debug-report.txt
1<?xml version="1.0" encoding="utf-8"?>
2<manifest xmlns:android="http://schemas.android.com/apk/res/android"
3    package="com.zxing.qrcode.produce" >
4
5    <uses-sdk
6        android:minSdkVersion="19"
6-->src\main\AndroidManifest.xml
7        android:targetSdkVersion="30" />
7-->src\main\AndroidManifest.xml
8
9    <application android:allowBackup="true" >
9-->src\main\AndroidManifest.xml:4:5-14:19
9-->src\main\AndroidManifest.xml:4:18-44
10        <activity
10-->src\main\AndroidManifest.xml:6:9-12:20
11            android:name="com.zxing.qrcode.produce.QrCodeShowActivity"
11-->src\main\AndroidManifest.xml:7:13-71
12            android:configChanges="orientation|keyboardHidden"
12-->src\main\AndroidManifest.xml:8:13-63
13            android:launchMode="singleTask"
13-->src\main\AndroidManifest.xml:9:13-44
14            android:screenOrientation="portrait"
14-->src\main\AndroidManifest.xml:10:13-49
15            android:theme="@android:style/Theme.Translucent" >
15-->src\main\AndroidManifest.xml:11:13-61
16        </activity>
17    </application>
18
19</manifest>